#
# A fatal error has been detected by the Java Runtime Environment:
#
#  EXCEPTION_ACCESS_VIOLATION (0xc0000005) at pc=0x0000000063142c7d, pid=17020, tid=0x0000000000008fac
#
# JRE version: Java(TM) SE Runtime Environment (8.0_162-b12) (build 1.8.0_162-b12)
# Java VM: Java HotSpot(TM) 64-Bit Server VM (25.162-b12 mixed mode windows-amd64 compressed oops)
# Problematic frame:
# V  [jvm.dll+0x4a2c7d]
#
# Failed to write core dump. Minidumps are not enabled by default on client versions of Windows
#
# If you would like to submit a bug report, please visit:
#   http://bugreport.java.com/bugreport/crash.jsp
#

---------------  T H R E A D  ---------------

Current thread (0x000000001f109000):  JavaThread "C2 CompilerThread0" daemon [_thread_in_native, id=36780, stack(0x000000001f9d0000,0x000000001fad0000)]

siginfo: ExceptionCode=0xc0000005, reading address 0x0000000000000088

Registers:
RAX=0x000000001f1ba800, RBX=0x000000001facc5d0, RCX=0x0000000000000000, RDX=0x000000002000d780
RSP=0x000000001facc440, RBP=0x000000001facc580, RSI=0x0000000000000000, RDI=0x0000000000000000
R8 =0x0000000000000200, R9 =0x000000002000ede0, R10=0x0000000000000005, R11=0x000000001facc450
R12=0x000000002000f640, R13=0x000000002000d780, R14=0x00000000634c0fa0, R15=0x0000000000000000
RIP=0x0000000063142c7d, EFLAGS=0x0000000000010246

Top of Stack: (sp=0x000000001facc440)
0x000000001facc440:   000000001facc5d0 000000006317ab34
0x000000001facc450:   0000000000000003 00000000273a4480
0x000000001facc460:   0000000020f58e88 00000000273a39a8
0x000000001facc470:   0000000000000005 000000006313eecc
0x000000001facc480:   000000001facc580 000000001facca50
0x000000001facc490:   000000002159afe8 0000000000000024
0x000000001facc4a0:   0000000100000000 0000000000000005
0x000000001facc4b0:   00000000273a4480 0000000900000001
0x000000001facc4c0:   0000002400000004 00000000ffffffff
0x000000001facc4d0:   0000000000000002 00000000631429cc
0x000000001facc4e0:   0000000027c71cb8 00000000631dc7ae
0x000000001facc4f0:   000000002160ac40 0000002200000000
0x000000001facc500:   0000000000000008 000000002000ede0
0x000000001facc510:   0000000000000001 000000001facc5e0
0x000000001facc520:   0000000000000001 000000001facc5d0
0x000000001facc530:   0000000000000001 0000000000000001 

Instructions: (pc=0x0000000063142c7d)
0x0000000063142c5d:   48 8b 43 08 4c 89 34 07 e9 93 00 00 00 8b 0d d8
0x0000000063142c6d:   3b 31 00 ff 15 7a c7 13 00 48 8b 88 d0 03 00 00
0x0000000063142c7d:   48 8b a9 88 00 00 00 48 8b 8d f0 07 00 00 48 85
0x0000000063142c8d:   c9 75 0c e8 fb fc ff ff 48 8b 8d f0 07 00 00 48 


Register to memory mapping:

RAX=0x000000001f1ba800 is an unknown value
RBX=0x000000001facc5d0 is pointing into the stack for thread: 0x000000001f109000
RCX=0x0000000000000000 is an unknown value
RDX=0x000000002000d780 is an unknown value
RSP=0x000000001facc440 is pointing into the stack for thread: 0x000000001f109000
RBP=0x000000001facc580 is pointing into the stack for thread: 0x000000001f109000
RSI=0x0000000000000000 is an unknown value
RDI=0x0000000000000000 is an unknown value
R8 =0x0000000000000200 is an unknown value
R9 =0x000000002000ede0 is an unknown value
R10=0x0000000000000005 is an unknown value
R11=0x000000001facc450 is pointing into the stack for thread: 0x000000001f109000
R12=0x000000002000f640 is an unknown value
R13=0x000000002000d780 is an unknown value
R14=0x00000000634c0fa0 is an unknown value
R15=0x0000000000000000 is an unknown value


Stack: [0x000000001f9d0000,0x000000001fad0000],  sp=0x000000001facc440,  free space=1009k
Native frames: (J=compiled Java code, j=interpreted, Vv=VM code, C=native code)
V  [jvm.dll+0x4a2c7d]
V  [jvm.dll+0x49eecc]
V  [jvm.dll+0x469ae7]
V  [jvm.dll+0x4751fb]
V  [jvm.dll+0x477b07]
V  [jvm.dll+0x45a2b2]
V  [jvm.dll+0xa5f92]
V  [jvm.dll+0xa68df]
V  [jvm.dll+0x2454af]
V  [jvm.dll+0x29ce3a]
C  [msvcr100.dll+0x21d7b]
C  [msvcr100.dll+0x21e17]
C  [KERNEL32.DLL+0x137e4]
C  [ntdll.dll+0x6cb81]


Current CompileTask:
C2:184686845 2380       4       org.codehaus.plexus.util.xml.pull.MXParser::isWhitespace (116 bytes)


---------------  P R O C E S S  ---------------

Java Threads: ( => current thread )
  0x00000000222d8800 JavaThread "pool-1-thread-59" [_thread_blocked, id=23484, stack(0x0000000026bb0000,0x0000000026cb0000)]
  0x00000000222d7800 JavaThread "pool-1-thread-58" [_thread_blocked, id=25836, stack(0x0000000026ab0000,0x0000000026bb0000)]
  0x00000000222d7000 JavaThread "pool-1-thread-57" [_thread_blocked, id=30776, stack(0x00000000269b0000,0x0000000026ab0000)]
  0x00000000222d6000 JavaThread "pool-1-thread-56" [_thread_blocked, id=17744, stack(0x00000000268b0000,0x00000000269b0000)]
  0x00000000222d5800 JavaThread "pool-1-thread-55" [_thread_blocked, id=1752, stack(0x00000000267b0000,0x00000000268b0000)]
  0x00000000222ce000 JavaThread "pool-1-thread-54" [_thread_blocked, id=8200, stack(0x00000000266b0000,0x00000000267b0000)]
  0x00000000222d4800 JavaThread "pool-1-thread-53" [_thread_blocked, id=12520, stack(0x00000000265b0000,0x00000000266b0000)]
  0x00000000222d3000 JavaThread "pool-1-thread-52" [_thread_blocked, id=17816, stack(0x00000000264b0000,0x00000000265b0000)]
  0x00000000222d1800 JavaThread "pool-1-thread-51" [_thread_blocked, id=34332, stack(0x00000000263b0000,0x00000000264b0000)]
  0x00000000222d2800 JavaThread "pool-1-thread-50" [_thread_blocked, id=10096, stack(0x00000000262b0000,0x00000000263b0000)]
  0x00000000222d4000 JavaThread "pool-1-thread-49" [_thread_blocked, id=20452, stack(0x00000000261b0000,0x00000000262b0000)]
  0x00000000222ca000 JavaThread "pool-1-thread-48" [_thread_blocked, id=16512, stack(0x00000000260b0000,0x00000000261b0000)]
  0x00000000222cd000 JavaThread "pool-1-thread-47" [_thread_blocked, id=6016, stack(0x0000000025fb0000,0x00000000260b0000)]
  0x00000000222cc800 JavaThread "pool-1-thread-46" [_thread_blocked, id=18416, stack(0x0000000025eb0000,0x0000000025fb0000)]
  0x00000000222cb800 JavaThread "pool-1-thread-45" [_thread_blocked, id=11676, stack(0x0000000025db0000,0x0000000025eb0000)]
  0x00000000222d1000 JavaThread "pool-1-thread-44" [_thread_blocked, id=17620, stack(0x0000000025cb0000,0x0000000025db0000)]
  0x00000000222c9800 JavaThread "pool-1-thread-43" [_thread_blocked, id=6984, stack(0x0000000025bb0000,0x0000000025cb0000)]
  0x00000000222ce800 JavaThread "pool-1-thread-42" [_thread_blocked, id=36116, stack(0x0000000025ab0000,0x0000000025bb0000)]
  0x00000000222cb000 JavaThread "pool-1-thread-41" [_thread_blocked, id=21072, stack(0x00000000259b0000,0x0000000025ab0000)]
  0x00000000222d0000 JavaThread "pool-1-thread-40" [_thread_blocked, id=9932, stack(0x00000000258b0000,0x00000000259b0000)]
  0x00000000222cf800 JavaThread "pool-1-thread-39" [_thread_blocked, id=11776, stack(0x00000000257b0000,0x00000000258b0000)]
  0x00000000213f0000 JavaThread "pool-1-thread-38" [_thread_blocked, id=23492, stack(0x00000000256b0000,0x00000000257b0000)]
  0x00000000213ef800 JavaThread "pool-1-thread-37" [_thread_blocked, id=31168, stack(0x00000000255b0000,0x00000000256b0000)]
  0x00000000213ee000 JavaThread "pool-1-thread-36" [_thread_blocked, id=30144, stack(0x00000000254b0000,0x00000000255b0000)]
  0x00000000213ee800 JavaThread "pool-1-thread-35" [_thread_blocked, id=19344, stack(0x00000000253b0000,0x00000000254b0000)]
  0x00000000213ed000 JavaThread "pool-1-thread-34" [_thread_blocked, id=32308, stack(0x00000000252b0000,0x00000000253b0000)]
  0x00000000213ec800 JavaThread "pool-1-thread-33" [_thread_blocked, id=31556, stack(0x00000000251b0000,0x00000000252b0000)]
  0x00000000213f1800 JavaThread "pool-1-thread-32" [_thread_blocked, id=16884, stack(0x00000000250b0000,0x00000000251b0000)]
  0x00000000213f1000 JavaThread "pool-1-thread-31" [_thread_blocked, id=10416, stack(0x0000000024fb0000,0x00000000250b0000)]
  0x00000000213e5000 JavaThread "pool-1-thread-30" [_thread_blocked, id=10172, stack(0x0000000024eb0000,0x0000000024fb0000)]
  0x00000000213eb800 JavaThread "pool-1-thread-29" [_thread_blocked, id=13720, stack(0x0000000024db0000,0x0000000024eb0000)]
  0x00000000213e4000 JavaThread "pool-1-thread-28" [_thread_blocked, id=17036, stack(0x0000000024cb0000,0x0000000024db0000)]
  0x00000000213eb000 JavaThread "pool-1-thread-27" [_thread_blocked, id=29716, stack(0x0000000024bb0000,0x0000000024cb0000)]
  0x00000000213e8000 JavaThread "pool-1-thread-26" [_thread_blocked, id=23256, stack(0x0000000024ab0000,0x0000000024bb0000)]
  0x00000000213ea000 JavaThread "pool-1-thread-25" [_thread_blocked, id=20760, stack(0x00000000249b0000,0x0000000024ab0000)]
  0x00000000213e7000 JavaThread "pool-1-thread-24" [_thread_blocked, id=23816, stack(0x00000000248b0000,0x00000000249b0000)]
  0x00000000213e5800 JavaThread "pool-1-thread-23" [_thread_blocked, id=28544, stack(0x00000000247b0000,0x00000000248b0000)]
  0x00000000213e8800 JavaThread "pool-1-thread-22" [_thread_blocked, id=28216, stack(0x00000000246b0000,0x00000000247b0000)]
  0x00000000213e2800 JavaThread "pool-1-thread-21" [_thread_blocked, id=5128, stack(0x00000000245b0000,0x00000000246b0000)]
  0x00000000213e9800 JavaThread "pool-1-thread-20" [_thread_blocked, id=12252, stack(0x00000000244b0000,0x00000000245b0000)]
  0x00000000213e6800 JavaThread "pool-1-thread-19" [_thread_blocked, id=8336, stack(0x00000000243b0000,0x00000000244b0000)]
  0x00000000213e3800 JavaThread "pool-1-thread-18" [_thread_blocked, id=22092, stack(0x00000000242b0000,0x00000000243b0000)]
  0x0000000020d15000 JavaThread "pool-1-thread-17" [_thread_blocked, id=20128, stack(0x00000000241b0000,0x00000000242b0000)]
  0x0000000020d12000 JavaThread "pool-1-thread-16" [_thread_blocked, id=26400, stack(0x00000000240b0000,0x00000000241b0000)]
  0x0000000020d10800 JavaThread "pool-1-thread-15" [_thread_blocked, id=25892, stack(0x0000000023fb0000,0x00000000240b0000)]
  0x0000000020d14800 JavaThread "pool-1-thread-14" [_thread_blocked, id=13876, stack(0x0000000023eb0000,0x0000000023fb0000)]
  0x0000000020d11800 JavaThread "pool-1-thread-13" [_thread_blocked, id=31032, stack(0x0000000023db0000,0x0000000023eb0000)]
  0x0000000020d13800 JavaThread "pool-1-thread-12" [_thread_blocked, id=7916, stack(0x0000000023cb0000,0x0000000023db0000)]
  0x0000000020d0f000 JavaThread "pool-1-thread-11" [_thread_blocked, id=19496, stack(0x0000000023bb0000,0x0000000023cb0000)]
  0x0000000020d10000 JavaThread "pool-1-thread-10" [_thread_blocked, id=33700, stack(0x0000000023ab0000,0x0000000023bb0000)]
  0x0000000020d0e800 JavaThread "pool-1-thread-9" [_thread_blocked, id=18592, stack(0x0000000023270000,0x0000000023370000)]
  0x0000000020d13000 JavaThread "pool-1-thread-8" [_thread_blocked, id=24192, stack(0x0000000023070000,0x0000000023170000)]
  0x0000000020e39000 JavaThread "pool-1-thread-7 for channel id=597" [_thread_in_native, id=13448, stack(0x0000000022f70000,0x0000000023070000)]
  0x0000000020e38000 JavaThread "pool-1-thread-6" [_thread_blocked, id=19184, stack(0x0000000022e70000,0x0000000022f70000)]
  0x0000000020e35000 JavaThread "pool-1-thread-5" [_thread_blocked, id=25476, stack(0x0000000022d70000,0x0000000022e70000)]
  0x0000000020e37800 JavaThread "pool-1-thread-4" [_thread_blocked, id=33780, stack(0x0000000022c70000,0x0000000022d70000)]
  0x0000000020e34800 JavaThread "pool-1-thread-3" [_thread_blocked, id=30112, stack(0x0000000022b70000,0x0000000022c70000)]
  0x0000000020e36800 JavaThread "pool-1-thread-2" [_thread_blocked, id=12568, stack(0x0000000022a70000,0x0000000022b70000)]
  0x0000000020e36000 JavaThread "pool-1-thread-1" [_thread_blocked, id=31560, stack(0x0000000022970000,0x0000000022a70000)]
  0x0000000020e33800 JavaThread "Channel reader thread: channel" [_thread_in_native, id=35660, stack(0x0000000022870000,0x0000000022970000)]
  0x0000000020e33000 JavaThread "RemoteInvocationHandler [#1]" daemon [_thread_blocked, id=35432, stack(0x0000000022770000,0x0000000022870000)]
  0x000000001f1ba000 JavaThread "Service Thread" daemon [_thread_blocked, id=20836, stack(0x000000001fdd0000,0x000000001fed0000)]
  0x000000001f129000 JavaThread "C1 CompilerThread3" daemon [_thread_blocked, id=29020, stack(0x000000001fcd0000,0x000000001fdd0000)]
  0x000000001f111000 JavaThread "C2 CompilerThread2" daemon [_thread_blocked, id=15116, stack(0x000000001fbd0000,0x000000001fcd0000)]
  0x000000001f10b000 JavaThread "C2 CompilerThread1" daemon [_thread_blocked, id=10724, stack(0x000000001fad0000,0x000000001fbd0000)]
=>0x000000001f109000 JavaThread "C2 CompilerThread0" daemon [_thread_in_native, id=36780, stack(0x000000001f9d0000,0x000000001fad0000)]
  0x000000001f107800 JavaThread "Attach Listener" daemon [_thread_blocked, id=25512, stack(0x000000001f8d0000,0x000000001f9d0000)]
  0x000000001f116800 JavaThread "Signal Dispatcher" daemon [_thread_blocked, id=18584, stack(0x000000001f7d0000,0x000000001f8d0000)]
  0x000000001f101800 JavaThread "Finalizer" daemon [_thread_blocked, id=34228, stack(0x000000001f4e0000,0x000000001f5e0000)]
  0x00000000037ca000 JavaThread "Reference Handler" daemon [_thread_blocked, id=11888, stack(0x000000001efe0000,0x000000001f0e0000)]
  0x00000000035ce000 JavaThread "main" [_thread_blocked, id=31748, stack(0x00000000035d0000,0x00000000036d0000)]

Other Threads:
  0x000000001d1f9800 VMThread [stack: 0x000000001eee0000,0x000000001efe0000] [id=8012]
  0x000000001f1ba800 WatcherThread [stack: 0x000000001fed0000,0x000000001ffd0000] [id=26112]

VM state:not at safepoint (normal execution)

VM Mutex/Monitor currently owned by a thread: None

Heap:
 PSYoungGen      total 76288K, used 25747K [0x000000076b380000, 0x0000000770880000, 0x00000007c0000000)
  eden space 65536K, 22% used [0x000000076b380000,0x000000076c22b410,0x000000076f380000)
  from space 10752K, 99% used [0x000000076fe00000,0x0000000770879998,0x0000000770880000)
  to   space 10752K, 0% used [0x000000076f380000,0x000000076f380000,0x000000076fe00000)
 ParOldGen       total 175104K, used 626K [0x00000006c1a00000, 0x00000006cc500000, 0x000000076b380000)
  object space 175104K, 0% used [0x00000006c1a00000,0x00000006c1a9c8d0,0x00000006cc500000)
 Metaspace       used 19642K, capacity 20292K, committed 20608K, reserved 1067008K
  class space    used 2390K, capacity 2634K, committed 2688K, reserved 1048576K

Card table byte_map: [0x0000000012b90000,0x0000000013390000] byte_map_base: 0x000000000f583000

Marking Bits: (ParMarkBitMap*) 0x00000000634c0860
 Begin Bits: [0x00000000140e0000, 0x0000000018078000)
 End Bits:   [0x0000000018078000, 0x000000001c010000)

Polling page: 0x0000000002d60000

CodeCache: size=245760Kb used=8317Kb max_used=8365Kb free=237442Kb
 bounds [0x00000000037d0000, 0x0000000004010000, 0x00000000127d0000]
 total_blobs=2763 nmethods=2383 adapters=291
 compilation: enabled

Compilation events (10 events):
Event: 5.341 Thread 0x000000001f129000 2381       3       org.apache.maven.model.io.xpp3.MavenXpp3ReaderEx::checkFieldWithDuplicate (75 bytes)
Event: 5.341 Thread 0x000000001f129000 nmethod 2381 0x0000000003fa6ad0 code [0x0000000003fa6d00, 0x0000000003fa76e8]
Event: 184654.921 Thread 0x000000001f129000 2383       3       org.apache.maven.model.io.xpp3.MavenXpp3Reader::checkFieldWithDuplicate (75 bytes)
Event: 184654.922 Thread 0x000000001f129000 nmethod 2383 0x0000000003fa7b90 code [0x0000000003fa7de0, 0x0000000003fa8b58]
Event: 184655.652 Thread 0x000000001f10b000 nmethod 1953 0x0000000003fb7090 code [0x0000000003fb7cc0, 0x0000000003fc4c28]
Event: 184655.653 Thread 0x000000001f10b000 2382       4       org.codehaus.plexus.util.xml.pull.MXParser::nextImpl (1202 bytes)
Event: 184655.669 Thread 0x000000001f10b000 nmethod 2382 0x0000000003fb1d50 code [0x0000000003fb1f80, 0x0000000003fb2b48]
Event: 184655.926 Thread 0x000000001f111000 nmethod 2377 0x0000000003fea190 code [0x0000000003feacc0, 0x0000000003ff7340]
Event: 184656.361 Thread 0x000000001f129000 2384       3       java.util.ArrayList::addAll (54 bytes)
Event: 184656.362 Thread 0x000000001f129000 nmethod 2384 0x0000000003fb6550 code [0x0000000003fb6700, 0x0000000003fb6de8]

GC Heap History (4 events):
Event: 4.440 GC heap before
{Heap before GC invocations=1 (full 0):
 PSYoungGen      total 76288K, used 65536K [0x000000076b380000, 0x0000000770880000, 0x00000007c0000000)
  eden space 65536K, 100% used [0x000000076b380000,0x000000076f380000,0x000000076f380000)
  from space 10752K, 0% used [0x000000076fe00000,0x000000076fe00000,0x0000000770880000)
  to   space 10752K, 0% used [0x000000076f380000,0x000000076f380000,0x000000076fe00000)
 ParOldGen       total 175104K, used 0K [0x00000006c1a00000, 0x00000006cc500000, 0x000000076b380000)
  object space 175104K, 0% used [0x00000006c1a00000,0x00000006c1a00000,0x00000006cc500000)
 Metaspace       used 13283K, capacity 13910K, committed 14080K, reserved 1060864K
  class space    used 1579K, capacity 1779K, committed 1792K, reserved 1048576K
Event: 4.447 GC heap after
Heap after GC invocations=1 (full 0):
 PSYoungGen      total 76288K, used 9078K [0x000000076b380000, 0x0000000770880000, 0x00000007c0000000)
  eden space 65536K, 0% used [0x000000076b380000,0x000000076b380000,0x000000076f380000)
  from space 10752K, 84% used [0x000000076f380000,0x000000076fc5d910,0x000000076fe00000)
  to   space 10752K, 0% used [0x000000076fe00000,0x000000076fe00000,0x0000000770880000)
 ParOldGen       total 175104K, used 24K [0x00000006c1a00000, 0x00000006cc500000, 0x000000076b380000)
  object space 175104K, 0% used [0x00000006c1a00000,0x00000006c1a06000,0x00000006cc500000)
 Metaspace       used 13283K, capacity 13910K, committed 14080K, reserved 1060864K
  class space    used 1579K, capacity 1779K, committed 1792K, reserved 1048576K
}
Event: 5.092 GC heap before
{Heap before GC invocations=2 (full 0):
 PSYoungGen      total 76288K, used 74614K [0x000000076b380000, 0x0000000770880000, 0x00000007c0000000)
  eden space 65536K, 100% used [0x000000076b380000,0x000000076f380000,0x000000076f380000)
  from space 10752K, 84% used [0x000000076f380000,0x000000076fc5d910,0x000000076fe00000)
  to   space 10752K, 0% used [0x000000076fe00000,0x000000076fe00000,0x0000000770880000)
 ParOldGen       total 175104K, used 24K [0x00000006c1a00000, 0x00000006cc500000, 0x000000076b380000)
  object space 175104K, 0% used [0x00000006c1a00000,0x00000006c1a06000,0x00000006cc500000)
 Metaspace       used 17666K, capacity 18376K, committed 18560K, reserved 1064960K
  class space    used 2177K, capacity 2432K, committed 2432K, reserved 1048576K
Event: 5.103 GC heap after
Heap after GC invocations=2 (full 0):
 PSYoungGen      total 76288K, used 10726K [0x000000076b380000, 0x0000000770880000, 0x00000007c0000000)
  eden space 65536K, 0% used [0x000000076b380000,0x000000076b380000,0x000000076f380000)
  from space 10752K, 99% used [0x000000076fe00000,0x0000000770879998,0x0000000770880000)
  to   space 10752K, 0% used [0x000000076f380000,0x000000076f380000,0x000000076fe00000)
 ParOldGen       total 175104K, used 626K [0x00000006c1a00000, 0x00000006cc500000, 0x000000076b380000)
  object space 175104K, 0% used [0x00000006c1a00000,0x00000006c1a9c8d0,0x00000006cc500000)
 Metaspace       used 17666K, capacity 18376K, committed 18560K, reserved 1064960K
  class space    used 2177K, capacity 2432K, committed 2432K, reserved 1048576K
}

Deoptimization events (10 events):
Event: 5.023 Thread 0x0000000020e39000 Uncommon trap: reason=unstable_if action=reinterpret pc=0x0000000003b45294 method=java.lang.ref.ReferenceQueue.poll()Ljava/lang/ref/Reference; @ 4
Event: 5.173 Thread 0x0000000020e39000 Uncommon trap: reason=unstable_if action=reinterpret pc=0x0000000003d60104 method=sun.nio.cs.StreamDecoder.implRead([CII)I @ 36
Event: 5.259 Thread 0x0000000020e39000 Uncommon trap: reason=unstable_if action=reinterpret pc=0x0000000003f4aac4 method=org.codehaus.plexus.util.xml.pull.MXParser.parseStartTag()I @ 443
Event: 5.260 Thread 0x0000000020e39000 Uncommon trap: reason=unstable_if action=reinterpret pc=0x0000000003d83d20 method=sun.nio.cs.StreamDecoder.implRead([CII)I @ 36
Event: 5.260 Thread 0x0000000020e39000 Uncommon trap: reason=unstable_if action=reinterpret pc=0x0000000003d72344 method=sun.nio.cs.StreamDecoder.implRead([CII)I @ 36
Event: 5.286 Thread 0x0000000020e39000 Uncommon trap: reason=unstable_if action=reinterpret pc=0x0000000003c8aa94 method=java.io.WinNTFileSystem.normalize(Ljava/lang/String;II)Ljava/lang/String; @ 90
Event: 5.322 Thread 0x0000000020e39000 Uncommon trap: reason=bimorphic action=maybe_recompile pc=0x0000000003ae58a4 method=java.util.regex.Pattern$BranchConn.match(Ljava/util/regex/Matcher;ILjava/lang/CharSequence;)Z @ 7
Event: 5.322 Thread 0x0000000020e39000 Uncommon trap: reason=bimorphic action=maybe_recompile pc=0x0000000003ae58a4 method=java.util.regex.Pattern$BranchConn.match(Ljava/util/regex/Matcher;ILjava/lang/CharSequence;)Z @ 7
Event: 5.322 Thread 0x0000000020e39000 Uncommon trap: reason=bimorphic action=maybe_recompile pc=0x0000000003ae58a4 method=java.util.regex.Pattern$BranchConn.match(Ljava/util/regex/Matcher;ILjava/lang/CharSequence;)Z @ 7
Event: 5.322 Thread 0x0000000020e39000 Uncommon trap: reason=bimorphic action=maybe_recompile pc=0x0000000003ae58a4 method=java.util.regex.Pattern$BranchConn.match(Ljava/util/regex/Matcher;ILjava/lang/CharSequence;)Z @ 7

Classes redefined (0 events):
No events

Internal exceptions (10 events):
Event: 4.394 Thread 0x0000000020e39000 Exception <a 'java/lang/ArrayIndexOutOfBoundsException'> (0x000000076f06e1b0) thrown at [C:\re\workspace\8-2-build-windows-amd64-cygwin\jdk8u162\10278\hotspot\src\share\vm\runtime\sharedRuntime.cpp, line 605]
Event: 4.397 Thread 0x0000000020e39000 Exception <a 'java/lang/ArrayIndexOutOfBoundsException'> (0x000000076f08a2a8) thrown at [C:\re\workspace\8-2-build-windows-amd64-cygwin\jdk8u162\10278\hotspot\src\share\vm\runtime\sharedRuntime.cpp, line 605]
Event: 4.404 Thread 0x0000000020e39000 Exception <a 'java/lang/ArrayIndexOutOfBoundsException'> (0x000000076f0eecc8) thrown at [C:\re\workspace\8-2-build-windows-amd64-cygwin\jdk8u162\10278\hotspot\src\share\vm\runtime\sharedRuntime.cpp, line 605]
Event: 4.517 Thread 0x0000000020e39000 Exception <a 'java/lang/ArrayIndexOutOfBoundsException'> (0x000000076bbbc470) thrown at [C:\re\workspace\8-2-build-windows-amd64-cygwin\jdk8u162\10278\hotspot\src\share\vm\runtime\sharedRuntime.cpp, line 605]
Event: 4.518 Thread 0x0000000020e39000 Exception <a 'java/lang/ArrayIndexOutOfBoundsException'> (0x000000076bbbe000) thrown at [C:\re\workspace\8-2-build-windows-amd64-cygwin\jdk8u162\10278\hotspot\src\share\vm\runtime\sharedRuntime.cpp, line 605]
Event: 4.561 Thread 0x0000000020e39000 Exception <a 'java/lang/ArrayIndexOutOfBoundsException': 66> (0x000000076beebd28) thrown at [C:\re\workspace\8-2-build-windows-amd64-cygwin\jdk8u162\10278\hotspot\src\share\vm\interpreter\interpreterRuntime.cpp, line 366]
Event: 5.144 Thread 0x0000000020e39000 Exception <a 'java/lang/NoClassDefFoundError': com/google/inject/servlet/ServletModuleTargetVisitor> (0x000000076b5d7be0) thrown at [C:\re\workspace\8-2-build-windows-amd64-cygwin\jdk8u162\10278\hotspot\src\share\vm\classfile\systemDictionary.cpp, line 19
Event: 5.144 Thread 0x0000000020e39000 Exception <a 'java/lang/NoClassDefFoundError'> (0x000000076b5d7be0) thrown at [C:\re\workspace\8-2-build-windows-amd64-cygwin\jdk8u162\10278\hotspot\src\share\vm\prims\jvm.cpp, line 1394]
Event: 5.144 Thread 0x0000000020e39000 Exception <a 'java/lang/NoClassDefFoundError': javax/annotation/Priority> (0x000000076b5dcea8) thrown at [C:\re\workspace\8-2-build-windows-amd64-cygwin\jdk8u162\10278\hotspot\src\share\vm\classfile\systemDictionary.cpp, line 199]
Event: 5.312 Thread 0x0000000020e39000 Exception <a 'java/io/FileNotFoundException'> (0x000000076be6d188) thrown at [C:\re\workspace\8-2-build-windows-amd64-cygwin\jdk8u162\10278\hotspot\src\share\vm\prims\jni.cpp, line 709]

Events (10 events):
Event: 184654.918 loading class org/apache/maven/model/io/xpp3/MavenXpp3Reader$1
Event: 184654.918 loading class org/apache/maven/model/io/xpp3/MavenXpp3Reader$1 done
Event: 184654.921 loading class org/apache/maven/model/ActivationProperty
Event: 184654.921 loading class org/apache/maven/model/ActivationProperty done
Event: 184654.923 loading class org/apache/maven/repository/internal/ArtifactDescriptorUtils
Event: 184654.923 loading class org/apache/maven/repository/internal/ArtifactDescriptorUtils done
Event: 184654.924 loading class java/util/ArrayList$ListItr
Event: 184656.355 loading class java/util/ArrayList$ListItr done
Event: 184656.355 Executing VM operation: Deoptimize
Event: 184656.356 Executing VM operation: Deoptimize done


Dynamic libraries:
0x00007ff70b3a0000 - 0x00007ff70b3d7000 	C:\Tools\jdk1.8.0_162\bin\java.exe
0x0000000002ab0000 - 0x0000000002c90000 	C:\WINDOWS\SYSTEM32\ntd1l.dll
0x00000000029f0000 - 0x0000000002a9e000 	C:\WINDOWS\System32\kern3l32.dll
0x00007ffce6000000 - 0x00007ffce61e0000 	C:\WINDOWS\SYSTEM32\ntdll.dll
0x00007ffce5f20000 - 0x00007ffce5fce000 	C:\WINDOWS\System32\KERNEL32.DLL
0x00007ffce2530000 - 0x00007ffce2796000 	C:\WINDOWS\System32\KERNELBASE.dll
0x00007ffce2110000 - 0x00007ffce224e000 	C:\Program Files\SentinelOne\Sentinel Agent 3.2.2.50\InProcessClient64.dll
0x00007ffce39c0000 - 0x00007ffce3a61000 	C:\WINDOWS\System32\ADVAPI32.dll
0x00007ffce5540000 - 0x00007ffce55dd000 	C:\WINDOWS\System32\msvcrt.dll
0x00007ffce3930000 - 0x00007ffce398b000 	C:\WINDOWS\System32\sechost.dll
0x00007ffce5160000 - 0x00007ffce527f000 	C:\WINDOWS\System32\RPCRT4.dll
0x00007ffce5780000 - 0x00007ffce590f000 	C:\WINDOWS\System32\USER32.dll
0x00007ffce2400000 - 0x00007ffce2420000 	C:\WINDOWS\System32\win32u.dll
0x00007ffce56f0000 - 0x00007ffce5718000 	C:\WINDOWS\System32\GDI32.dll
0x00007ffce3330000 - 0x00007ffce34c3000 	C:\WINDOWS\System32\gdi32full.dll
0x00007ffce2970000 - 0x00007ffce2a0b000 	C:\WINDOWS\System32\msvcp_win.dll
0x00007ffce2a10000 - 0x00007ffce2b04000 	C:\WINDOWS\System32\ucrtbase.dll
0x00007ffcd77d0000 - 0x00007ffcd7a39000 	C:\WINDOWS\WinSxS\amd64_microsoft.windows.common-controls_6595b64144ccf1df_6.0.16299.1364_none_0f8eb80e5a670b19\COMCTL32.dll
0x00007ffce3620000 - 0x00007ffce3926000 	C:\WINDOWS\System32\combase.dll
0x00007ffce2b10000 - 0x00007ffce2b88000 	C:\WINDOWS\System32\bcryptPrimitives.dll
0x00007ffce2060000 - 0x00007ffce206a000 	C:\WINDOWS\SYSTEM32\VERSION.dll
0x0000000060d60000 - 0x0000000060e31000 	C:\Tools\jdk1.8.0_162\jre\bin\msvcr100.dll
0x0000000062ca0000 - 0x0000000063540000 	C:\Tools\jdk1.8.0_162\jre\bin\server\jvm.dll
0x00007ffce5150000 - 0x00007ffce5158000 	C:\WINDOWS\System32\PSAPI.DLL
0x00007ffce0e50000 - 0x00007ffce0e59000 	C:\WINDOWS\SYSTEM32\WSOCK32.dll
0x00007ffce54d0000 - 0x00007ffce553c000 	C:\WINDOWS\System32\WS2_32.dll
0x00007ffcd95c0000 - 0x00007ffcd95e3000 	C:\WINDOWS\SYSTEM32\WINMM.dll
0x00007ffcd9590000 - 0x00007ffcd95ba000 	C:\WINDOWS\SYSTEM32\WINMMBASE.dll
0x00007ffce32e0000 - 0x00007ffce332a000 	C:\WINDOWS\System32\cfgmgr32.dll
0x0000000062bb0000 - 0x0000000062bbf000 	C:\Tools\jdk1.8.0_162\jre\bin\verify.dll
0x0000000062b80000 - 0x0000000062ba9000 	C:\Tools\jdk1.8.0_162\jre\bin\java.dll
0x0000000062b60000 - 0x0000000062b76000 	C:\Tools\jdk1.8.0_162\jre\bin\zip.dll
0x00007ffce3d10000 - 0x00007ffce514c000 	C:\WINDOWS\System32\SHELL32.dll
0x00007ffce3b60000 - 0x00007ffce3c06000 	C:\WINDOWS\System32\shcore.dll
0x00007ffce2b90000 - 0x00007ffce32d7000 	C:\WINDOWS\System32\windows.storage.dll
0x00007ffce5720000 - 0x00007ffce5771000 	C:\WINDOWS\System32\shlwapi.dll
0x00007ffce23c0000 - 0x00007ffce23d1000 	C:\WINDOWS\System32\kernel.appcore.dll
0x00007ffce2350000 - 0x00007ffce239c000 	C:\WINDOWS\System32\powrprof.dll
0x00007ffce23e0000 - 0x00007ffce23fb000 	C:\WINDOWS\System32\profapi.dll
0x0000000062b30000 - 0x0000000062b4a000 	C:\Tools\jdk1.8.0_162\jre\bin\net.dll
0x00007ffce1a30000 - 0x00007ffce1a96000 	C:\WINDOWS\system32\mswsock.dll
0x0000000062b10000 - 0x0000000062b21000 	C:\Tools\jdk1.8.0_162\jre\bin\nio.dll
0x000000005e940000 - 0x000000005ead8000 	C:\Tools\jdk1.8.0_162\jre\bin\awt.dll
0x00007ffce3a90000 - 0x00007ffce3b54000 	C:\WINDOWS\System32\OLEAUT32.dll
0x00007ffcdfd30000 - 0x00007ffcdfdb8000 	C:\WINDOWS\SYSTEM32\apphelp.dll
0x00007ffce0c60000 - 0x00007ffce0e28000 	C:\WINDOWS\SYSTEM32\dbghelp.dll

VM Arguments:
java_command: jenkins.maven3.agent.Maven35Main C:\Tools\apache-maven-3.5.4\ C:\Program Files (x86)\Jenkins\war\WEB-INF\lib\remoting-3.27.jar C:\Program Files (x86)\Jenkins\plugins\maven-plugin\WEB-INF\lib\maven35-interceptor-1.12-alpha-1.jar C:\Program Files (x86)\Jenkins\plugins\maven-plugin\WEB-INF\lib\maven3-interceptor-commons-1.12-alpha-1.jar 62352
java_class_path (initial): C:\Program Files (x86)\Jenkins\plugins\maven-plugin\WEB-INF\lib\maven35-agent-1.12-alpha-1.jar;C:\Tools\apache-maven-3.5.4\boot\plexus-classworlds-2.5.2.jar;C:\Tools\apache-maven-3.5.4/conf/logging
Launcher Type: SUN_STANDARD

Environment Variables:
JAVA_HOME=C:\Tools\jdk1.8.0_162
PATH=C:\Tools\apache-maven-3.5.4\/bin;C:\Tools\jdk1.8.0_162/bin;C:\Tools\jdk1.8.0_162/bin;C:\ProgramData\DockerDesktop\version-bin;C:\Program Files\Docker\Docker\Resources\bin;C:\ProgramData\Oracle\Java\javapath;C:\Oracle\product\12.2.0\bin;C:\WINDOWS\system32;C:\WINDOWS;C:\WINDOWS\System32\Wbem;C:\WINDOWS\System32\WindowsPowerShell\v1.0\;C:\Tools\jdk1.8.0_162\bin;C:\Program Files\Git\cmd;C:\Tools\apache-ant-1.9.6-bin\apache-ant-1.9.6\bin;C:\Program Files (x86)\Sennheiser\SoftphoneSDK\;C:\Program Files\TortoiseGit\bin;C:\Tools\apache-maven-3.5.4\bin;C:\Program Files (x86)\Intel\Intel(R) Management Engine Components\DAL;C:\Program Files\Intel\Intel(R) Management Engine Components\DAL;C:\WINDOWS\system32\config\systemprofile\AppData\Local\Microsoft\WindowsApps
USERNAME=IN1-1022880LT$
OS=Windows_NT
PROCESSOR_IDENTIFIER=Intel64 Family 6 Model 94 Stepping 3, GenuineIntel



---------------  S Y S T E M  ---------------

OS: Windows 10.0 , 64 bit Build 16299 (10.0.16299.1146)

CPU:total 8 (initial active 8) (4 cores per cpu, 2 threads per core) family 6 model 94 stepping 3, cmov, cx8, fxsr, mmx, sse, sse2, sse3, ssse3, sse4.1, sse4.2, popcnt, avx, avx2, aes, clmul, erms, rtm, 3dnowpref, lzcnt, ht, tsc, tscinvbit, bmi1, bmi2, adx

Memory: 4k page, physical 16669932k(4750988k free), swap 31349996k(7306432k free)

vm_info: Java HotSpot(TM) 64-Bit Server VM (25.162-b12) for windows-amd64 JRE (1.8.0_162-b12), built on Dec 19 2017 20:00:03 by "java_re" with MS VC++ 10.0 (VS2010)

time: Thu Nov 14 10:12:10 2019
elapsed time: 184656 seconds (2d 3h 17m 36s)

